This file contains any messages produced by compilers while
running configure, to aid debugging if configure makes a mistake.

It was created by basem configure 1.0, which was
generated by GNU Autoconf 2.69.  Invocation command line was

  $ ./configure --prefix=/opt/local --no-create --no-recursion

## --------- ##
## Platform. ##
## --------- ##

hostname = Florians-MacBook-Pro.local
uname -m = x86_64
uname -r = 13.0.0
uname -s = Darwin
uname -v = Darwin Kernel Version 13.0.0: Thu Sep 19 22:22:27 PDT 2013; root:xnu-2422.1.72~6/RELEASE_X86_64

/usr/bin/uname -p = i386
/bin/uname -X     = unknown

/bin/arch              = unknown
/usr/bin/arch -k       = unknown
/usr/convex/getsysinfo = unknown
/usr/bin/hostinfo      = Mach kernel version:
	 Darwin Kernel Version 13.0.0: Thu Sep 19 22:22:27 PDT 2013; root:xnu-2422.1.72~6/RELEASE_X86_64
Kernel configured for up to 8 processors.
4 processors are physically available.
8 processors are logically available.
Processor type: i486 (Intel 80486)
Processors active: 0 1 2 3 4 5 6 7
Primary memory available: 8.00 gigabytes
Default processor set: 173 tasks, 838 threads, 8 processors
Load average: 1.63, Mach factor: 6.36
/bin/machine           = unknown
/usr/bin/oslevel       = unknown
/bin/universe          = unknown

PATH: /opt/local/bin
PATH: /opt/local/sbin
PATH: .
PATH: /usr/bin
PATH: /bin
PATH: /usr/sbin
PATH: /sbin
PATH: /usr/local/bin
PATH: /code/shell/admin_tools
PATH: /Users/florian/environment/code/shell/admin_scripts
PATH: /Applications/TrueCrypt.app/Contents/MacOS/
PATH: /Users/florian/Skripts/sysSkripts/
PATH: /usr/brlcad/bin
PATH: /Applications/VMware OVF Tool/
PATH: /opt/local/bin
PATH: /opt/local/sbin/
PATH: /Users/florian/environment/code/applescript
PATH: /Users/florian/environment/code/shell/admin_scripts
PATH: /Users/florian/environment/code/shell/admin_tools


## ----------- ##
## Core tests. ##
## ----------- ##

configure:2187: checking for a BSD-compatible install
configure:2255: result: /usr/bin/install -c
configure:2266: checking whether build environment is sane
configure:2321: result: yes
configure:2472: checking for a thread-safe mkdir -p
configure:2511: result: ./install-sh -c -d
configure:2518: checking for gawk
configure:2548: result: no
configure:2518: checking for mawk
configure:2548: result: no
configure:2518: checking for nawk
configure:2548: result: no
configure:2518: checking for awk
configure:2534: found /usr/bin/awk
configure:2545: result: awk
configure:2556: checking whether make sets $(MAKE)
configure:2578: result: yes
configure:2607: checking whether make supports nested variables
configure:2624: result: yes
configure:2798: checking for gcc
configure:2814: found /usr/bin/gcc
configure:2825: result: gcc
configure:3054: checking for C compiler version
configure:3063: gcc --version >&5
Apple LLVM version 5.0 (clang-500.2.79) (based on LLVM 3.3svn)
Target: x86_64-apple-darwin13.0.0
Thread model: posix
Configured with: --prefix=/Applications/Xcode.app/Contents/Developer/usr --with-gxx-include-dir=/usr/include/c++/4.2.1
configure:3074: $? = 0
configure:3063: gcc -v >&5
Configured with: --prefix=/Applications/Xcode.app/Contents/Developer/usr --with-gxx-include-dir=/usr/include/c++/4.2.1
Apple LLVM version 5.0 (clang-500.2.79) (based on LLVM 3.3svn)
Target: x86_64-apple-darwin13.0.0
Thread model: posix
configure:3074: $? = 0
configure:3063: gcc -V >&5
clang: error: argument to '-V' is missing (expected 1 value)
clang: error: no input files
configure:3074: $? = 1
configure:3063: gcc -qversion >&5
clang: error: no input files
configure:3074: $? = 1
configure:3094: checking whether the C compiler works
configure:3116: gcc    conftest.c  >&5
configure:3120: $? = 0
configure:3168: result: yes
configure:3171: checking for C compiler default output file name
configure:3173: result: a.out
configure:3179: checking for suffix of executables
configure:3186: gcc -o conftest    conftest.c  >&5
configure:3190: $? = 0
configure:3212: result: 
configure:3234: checking whether we are cross compiling
configure:3242: gcc -o conftest    conftest.c  >&5
configure:3246: $? = 0
configure:3253: ./conftest
configure:3257: $? = 0
configure:3272: result: no
configure:3277: checking for suffix of object files
configure:3299: gcc -c   conftest.c >&5
configure:3303: $? = 0
configure:3324: result: o
configure:3328: checking whether we are using the GNU C compiler
configure:3347: gcc -c   conftest.c >&5
configure:3347: $? = 0
configure:3356: result: yes
configure:3365: checking whether gcc accepts -g
configure:3385: gcc -c -g  conftest.c >&5
configure:3385: $? = 0
configure:3426: result: yes
configure:3443: checking for gcc option to accept ISO C89
configure:3506: gcc  -c -g -O2  conftest.c >&5
configure:3506: $? = 0
configure:3519: result: none needed
configure:3544: checking whether gcc understands -c and -o together
configure:3566: gcc -c conftest.c -o conftest2.o
configure:3569: $? = 0
configure:3566: gcc -c conftest.c -o conftest2.o
configure:3569: $? = 0
configure:3581: result: yes
configure:3609: checking for style of include used by make
configure:3637: result: GNU
configure:3663: checking dependency style of gcc
configure:3774: result: gcc3
configure:3794: checking for gawk
configure:3821: result: awk
configure:3841: checking for pow in -lm
configure:3866: gcc -o conftest -g -O2   conftest.c -lm   >&5
conftest.c:18:6: warning: incompatible redeclaration of library function 'pow' [-Wincompatible-library-redeclaration]
char pow ();
     ^
conftest.c:18:6: note: 'pow' is a builtin with type 'double (double, double)'
1 warning generated.
configure:3866: $? = 0
configure:3875: result: yes
configure:3892: checking how to run the C preprocessor
configure:3923: gcc -E  conftest.c
configure:3923: $? = 0
configure:3937: gcc -E  conftest.c
conftest.c:12:10: fatal error: 'ac_nonexistent.h' file not found
#include <ac_nonexistent.h>
         ^
1 error generated.
configure:3937: $? = 1
configure: failed program was:
| /* confdefs.h */
| #define PACKAGE_NAME "basem"
| #define PACKAGE_TARNAME "basem"
| #define PACKAGE_VERSION "1.0"
| #define PACKAGE_STRING "basem 1.0"
| #define PACKAGE_BUGREPORT "mayer.florian@web.de"
| #define PACKAGE_URL ""
| #define PACKAGE "basem"
| #define VERSION "1.0"
| #define HAVE_LIBM 1
| /* end confdefs.h.  */
| #include <ac_nonexistent.h>
configure:3962: result: gcc -E
configure:3982: gcc -E  conftest.c
configure:3982: $? = 0
configure:3996: gcc -E  conftest.c
conftest.c:12:10: fatal error: 'ac_nonexistent.h' file not found
#include <ac_nonexistent.h>
         ^
1 error generated.
configure:3996: $? = 1
configure: failed program was:
| /* confdefs.h */
| #define PACKAGE_NAME "basem"
| #define PACKAGE_TARNAME "basem"
| #define PACKAGE_VERSION "1.0"
| #define PACKAGE_STRING "basem 1.0"
| #define PACKAGE_BUGREPORT "mayer.florian@web.de"
| #define PACKAGE_URL ""
| #define PACKAGE "basem"
| #define VERSION "1.0"
| #define HAVE_LIBM 1
| /* end confdefs.h.  */
| #include <ac_nonexistent.h>
configure:4025: checking for grep that handles long lines and -e
configure:4083: result: /usr/bin/grep
configure:4088: checking for egrep
configure:4150: result: /usr/bin/grep -E
configure:4155: checking for ANSI C header files
configure:4175: gcc -c -g -O2  conftest.c >&5
configure:4175: $? = 0
configure:4248: gcc -o conftest -g -O2   conftest.c -lm  >&5
configure:4248: $? = 0
configure:4248: ./conftest
configure:4248: $? = 0
configure:4259: result: yes
configure:4272: checking for sys/types.h
configure:4272: gcc -c -g -O2  conftest.c >&5
configure:4272: $? = 0
configure:4272: result: yes
configure:4272: checking for sys/stat.h
configure:4272: gcc -c -g -O2  conftest.c >&5
configure:4272: $? = 0
configure:4272: result: yes
configure:4272: checking for stdlib.h
configure:4272: gcc -c -g -O2  conftest.c >&5
configure:4272: $? = 0
configure:4272: result: yes
configure:4272: checking for string.h
configure:4272: gcc -c -g -O2  conftest.c >&5
configure:4272: $? = 0
configure:4272: result: yes
configure:4272: checking for memory.h
configure:4272: gcc -c -g -O2  conftest.c >&5
configure:4272: $? = 0
configure:4272: result: yes
configure:4272: checking for strings.h
configure:4272: gcc -c -g -O2  conftest.c >&5
configure:4272: $? = 0
configure:4272: result: yes
configure:4272: checking for inttypes.h
configure:4272: gcc -c -g -O2  conftest.c >&5
configure:4272: $? = 0
configure:4272: result: yes
configure:4272: checking for stdint.h
configure:4272: gcc -c -g -O2  conftest.c >&5
configure:4272: $? = 0
configure:4272: result: yes
configure:4272: checking for unistd.h
configure:4272: gcc -c -g -O2  conftest.c >&5
configure:4272: $? = 0
configure:4272: result: yes
configure:4287: checking string.h, usability
configure:4287: gcc -c -g -O2  conftest.c >&5
conftest.c:55:10: fatal error: 'string.h,' file not found
#include <string.h,>
         ^
1 error generated.
configure:4287: $? = 1
configure: failed program was:
| /* confdefs.h */
| #define PACKAGE_NAME "basem"
| #define PACKAGE_TARNAME "basem"
| #define PACKAGE_VERSION "1.0"
| #define PACKAGE_STRING "basem 1.0"
| #define PACKAGE_BUGREPORT "mayer.florian@web.de"
| #define PACKAGE_URL ""
| #define PACKAGE "basem"
| #define VERSION "1.0"
| #define HAVE_LIBM 1
| #define STDC_HEADERS 1
| #define HAVE_SYS_TYPES_H 1
| #define HAVE_SYS_STAT_H 1
| #define HAVE_STDLIB_H 1
| #define HAVE_STRING_H 1
| #define HAVE_MEMORY_H 1
| #define HAVE_STRINGS_H 1
| #define HAVE_INTTYPES_H 1
| #define HAVE_STDINT_H 1
| #define HAVE_UNISTD_H 1
| /* end confdefs.h.  */
| #include <stdio.h>
| #ifdef HAVE_SYS_TYPES_H
| # include <sys/types.h>
| #endif
| #ifdef HAVE_SYS_STAT_H
| # include <sys/stat.h>
| #endif
| #ifdef STDC_HEADERS
| # include <stdlib.h>
| # include <stddef.h>
| #else
| # ifdef HAVE_STDLIB_H
| #  include <stdlib.h>
| # endif
| #endif
| #ifdef HAVE_STRING_H
| # if !defined STDC_HEADERS && defined HAVE_MEMORY_H
| #  include <memory.h>
| # endif
| # include <string.h>
| #endif
| #ifdef HAVE_STRINGS_H
| # include <strings.h>
| #endif
| #ifdef HAVE_INTTYPES_H
| # include <inttypes.h>
| #endif
| #ifdef HAVE_STDINT_H
| # include <stdint.h>
| #endif
| #ifdef HAVE_UNISTD_H
| # include <unistd.h>
| #endif
| #include <string.h,>
configure:4287: result: no
configure:4287: checking string.h, presence
configure:4287: gcc -E  conftest.c
conftest.c:22:10: fatal error: 'string.h,' file not found
#include <string.h,>
         ^
1 error generated.
configure:4287: $? = 1
configure: failed program was:
| /* confdefs.h */
| #define PACKAGE_NAME "basem"
| #define PACKAGE_TARNAME "basem"
| #define PACKAGE_VERSION "1.0"
| #define PACKAGE_STRING "basem 1.0"
| #define PACKAGE_BUGREPORT "mayer.florian@web.de"
| #define PACKAGE_URL ""
| #define PACKAGE "basem"
| #define VERSION "1.0"
| #define HAVE_LIBM 1
| #define STDC_HEADERS 1
| #define HAVE_SYS_TYPES_H 1
| #define HAVE_SYS_STAT_H 1
| #define HAVE_STDLIB_H 1
| #define HAVE_STRING_H 1
| #define HAVE_MEMORY_H 1
| #define HAVE_STRINGS_H 1
| #define HAVE_INTTYPES_H 1
| #define HAVE_STDINT_H 1
| #define HAVE_UNISTD_H 1
| /* end confdefs.h.  */
| #include <string.h,>
configure:4287: result: no
configure:4287: checking for string.h,
configure:4287: result: no
configure:4287: checking unistd.h, usability
configure:4287: gcc -c -g -O2  conftest.c >&5
conftest.c:55:10: fatal error: 'unistd.h,' file not found
#include <unistd.h,>
         ^
1 error generated.
configure:4287: $? = 1
configure: failed program was:
| /* confdefs.h */
| #define PACKAGE_NAME "basem"
| #define PACKAGE_TARNAME "basem"
| #define PACKAGE_VERSION "1.0"
| #define PACKAGE_STRING "basem 1.0"
| #define PACKAGE_BUGREPORT "mayer.florian@web.de"
| #define PACKAGE_URL ""
| #define PACKAGE "basem"
| #define VERSION "1.0"
| #define HAVE_LIBM 1
| #define STDC_HEADERS 1
| #define HAVE_SYS_TYPES_H 1
| #define HAVE_SYS_STAT_H 1
| #define HAVE_STDLIB_H 1
| #define HAVE_STRING_H 1
| #define HAVE_MEMORY_H 1
| #define HAVE_STRINGS_H 1
| #define HAVE_INTTYPES_H 1
| #define HAVE_STDINT_H 1
| #define HAVE_UNISTD_H 1
| /* end confdefs.h.  */
| #include <stdio.h>
| #ifdef HAVE_SYS_TYPES_H
| # include <sys/types.h>
| #endif
| #ifdef HAVE_SYS_STAT_H
| # include <sys/stat.h>
| #endif
| #ifdef STDC_HEADERS
| # include <stdlib.h>
| # include <stddef.h>
| #else
| # ifdef HAVE_STDLIB_H
| #  include <stdlib.h>
| # endif
| #endif
| #ifdef HAVE_STRING_H
| # if !defined STDC_HEADERS && defined HAVE_MEMORY_H
| #  include <memory.h>
| # endif
| # include <string.h>
| #endif
| #ifdef HAVE_STRINGS_H
| # include <strings.h>
| #endif
| #ifdef HAVE_INTTYPES_H
| # include <inttypes.h>
| #endif
| #ifdef HAVE_STDINT_H
| # include <stdint.h>
| #endif
| #ifdef HAVE_UNISTD_H
| # include <unistd.h>
| #endif
| #include <unistd.h,>
configure:4287: result: no
configure:4287: checking unistd.h, presence
configure:4287: gcc -E  conftest.c
conftest.c:22:10: fatal error: 'unistd.h,' file not found
#include <unistd.h,>
         ^
1 error generated.
configure:4287: $? = 1
configure: failed program was:
| /* confdefs.h */
| #define PACKAGE_NAME "basem"
| #define PACKAGE_TARNAME "basem"
| #define PACKAGE_VERSION "1.0"
| #define PACKAGE_STRING "basem 1.0"
| #define PACKAGE_BUGREPORT "mayer.florian@web.de"
| #define PACKAGE_URL ""
| #define PACKAGE "basem"
| #define VERSION "1.0"
| #define HAVE_LIBM 1
| #define STDC_HEADERS 1
| #define HAVE_SYS_TYPES_H 1
| #define HAVE_SYS_STAT_H 1
| #define HAVE_STDLIB_H 1
| #define HAVE_STRING_H 1
| #define HAVE_MEMORY_H 1
| #define HAVE_STRINGS_H 1
| #define HAVE_INTTYPES_H 1
| #define HAVE_STDINT_H 1
| #define HAVE_UNISTD_H 1
| /* end confdefs.h.  */
| #include <unistd.h,>
configure:4287: result: no
configure:4287: checking for unistd.h,
configure:4287: result: no
configure:4287: checking for stdlib.h
configure:4287: result: yes
configure:4301: checking for stdlib.h
configure:4301: result: yes
configure:4311: checking for GNU libc compatible realloc
configure:4335: gcc -o conftest -g -O2   conftest.c -lm  >&5
configure:4335: $? = 0
configure:4335: ./conftest
configure:4335: $? = 0
configure:4345: result: yes
configure:4368: checking for stdlib.h
configure:4368: result: yes
configure:4378: checking for GNU libc compatible malloc
configure:4402: gcc -o conftest -g -O2   conftest.c -lm  >&5
configure:4402: $? = 0
configure:4402: ./conftest
configure:4402: $? = 0
configure:4412: result: yes
configure:4435: checking for pow
configure:4435: gcc -o conftest -g -O2   conftest.c -lm  >&5
conftest.c:50:6: warning: incompatible redeclaration of library function 'pow' [-Wincompatible-library-redeclaration]
char pow ();
     ^
conftest.c:50:6: note: 'pow' is a builtin with type 'double (double, double)'
1 warning generated.
configure:4435: $? = 0
configure:4435: result: yes
configure:4592: checking that generated files are newer than configure
configure:4598: result: done
configure:4621: creating ./config.status

## ---------------- ##
## Cache variables. ##
## ---------------- ##

ac_cv_c_compiler_gnu=yes
ac_cv_env_CC_set=
ac_cv_env_CC_value=
ac_cv_env_CFLAGS_set=
ac_cv_env_CFLAGS_value=
ac_cv_env_CPPFLAGS_set=
ac_cv_env_CPPFLAGS_value=
ac_cv_env_CPP_set=
ac_cv_env_CPP_value=
ac_cv_env_LDFLAGS_set=
ac_cv_env_LDFLAGS_value=
ac_cv_env_LIBS_set=
ac_cv_env_LIBS_value=
ac_cv_env_build_alias_set=
ac_cv_env_build_alias_value=
ac_cv_env_host_alias_set=
ac_cv_env_host_alias_value=
ac_cv_env_target_alias_set=
ac_cv_env_target_alias_value=
ac_cv_func_malloc_0_nonnull=yes
ac_cv_func_pow=yes
ac_cv_func_realloc_0_nonnull=yes
ac_cv_header_inttypes_h=yes
ac_cv_header_memory_h=yes
ac_cv_header_stdc=yes
ac_cv_header_stdint_h=yes
ac_cv_header_stdlib_h=yes
ac_cv_header_string_h=yes
ac_cv_header_string_h_=no
ac_cv_header_strings_h=yes
ac_cv_header_sys_stat_h=yes
ac_cv_header_sys_types_h=yes
ac_cv_header_unistd_h=yes
ac_cv_header_unistd_h_=no
ac_cv_lib_m_pow=yes
ac_cv_objext=o
ac_cv_path_EGREP='/usr/bin/grep -E'
ac_cv_path_GREP=/usr/bin/grep
ac_cv_path_install='/usr/bin/install -c'
ac_cv_prog_AWK=awk
ac_cv_prog_CPP='gcc -E'
ac_cv_prog_ac_ct_CC=gcc
ac_cv_prog_cc_c89=
ac_cv_prog_cc_g=yes
ac_cv_prog_make_make_set=yes
am_cv_CC_dependencies_compiler_type=gcc3
am_cv_make_support_nested_variables=yes
am_cv_prog_cc_c_o=yes

## ----------------- ##
## Output variables. ##
## ----------------- ##

ACLOCAL='${SHELL} /Users/florian/environment/code/c/tools/basem/missing aclocal-1.14'
AMDEPBACKSLASH='\'
AMDEP_FALSE='#'
AMDEP_TRUE=''
AMTAR='$${TAR-tar}'
AM_BACKSLASH='\'
AM_DEFAULT_V='$(AM_DEFAULT_VERBOSITY)'
AM_DEFAULT_VERBOSITY='1'
AM_V='$(V)'
AUTOCONF='${SHELL} /Users/florian/environment/code/c/tools/basem/missing autoconf'
AUTOHEADER='${SHELL} /Users/florian/environment/code/c/tools/basem/missing autoheader'
AUTOMAKE='${SHELL} /Users/florian/environment/code/c/tools/basem/missing automake-1.14'
AWK='awk'
CC='gcc'
CCDEPMODE='depmode=gcc3'
CFLAGS='-g -O2'
CPP='gcc -E'
CPPFLAGS=''
CYGPATH_W='echo'
DEFS='-DPACKAGE_NAME=\"basem\" -DPACKAGE_TARNAME=\"basem\" -DPACKAGE_VERSION=\"1.0\" -DPACKAGE_STRING=\"basem\ 1.0\" -DPACKAGE_BUGREPORT=\"mayer.florian@web.de\" -DPACKAGE_URL=\"\" -DPACKAGE=\"basem\" -DVERSION=\"1.0\" -DHAVE_LIBM=1 -DSTDC_HEADERS=1 -DHAVE_SYS_TYPES_H=1 -DHAVE_SYS_STAT_H=1 -DHAVE_STDLIB_H=1 -DHAVE_STRING_H=1 -DHAVE_MEMORY_H=1 -DHAVE_STRINGS_H=1 -DHAVE_INTTYPES_H=1 -DHAVE_STDINT_H=1 -DHAVE_UNISTD_H=1 -DHAVE_STDLIB_H=1 -DHAVE_STDLIB_H=1 -DHAVE_REALLOC=1 -DHAVE_STDLIB_H=1 -DHAVE_MALLOC=1 -DHAVE_POW=1'
DEPDIR='.deps'
ECHO_C='\c'
ECHO_N=''
ECHO_T=''
EGREP='/usr/bin/grep -E'
EXEEXT=''
GREP='/usr/bin/grep'
INSTALL_DATA='${INSTALL} -m 644'
INSTALL_PROGRAM='${INSTALL}'
INSTALL_SCRIPT='${INSTALL}'
INSTALL_STRIP_PROGRAM='$(install_sh) -c -s'
LDFLAGS=''
LIBOBJS=''
LIBS='-lm '
LTLIBOBJS=''
MAKEINFO='${SHELL} /Users/florian/environment/code/c/tools/basem/missing makeinfo'
MKDIR_P='./install-sh -c -d'
OBJEXT='o'
PACKAGE='basem'
PACKAGE_BUGREPORT='mayer.florian@web.de'
PACKAGE_NAME='basem'
PACKAGE_STRING='basem 1.0'
PACKAGE_TARNAME='basem'
PACKAGE_URL=''
PACKAGE_VERSION='1.0'
PATH_SEPARATOR=':'
SET_MAKE=''
SHELL='/bin/sh'
STRIP=''
VERSION='1.0'
ac_ct_CC='gcc'
am__EXEEXT_FALSE=''
am__EXEEXT_TRUE='#'
am__fastdepCC_FALSE='#'
am__fastdepCC_TRUE=''
am__include='include'
am__isrc=''
am__leading_dot='.'
am__nodep='_no'
am__quote=''
am__tar='$${TAR-tar} chof - "$$tardir"'
am__untar='$${TAR-tar} xf -'
bindir='${exec_prefix}/bin'
build_alias=''
datadir='${datarootdir}'
datarootdir='${prefix}/share'
docdir='${datarootdir}/doc/${PACKAGE_TARNAME}'
dvidir='${docdir}'
exec_prefix='${prefix}'
host_alias=''
htmldir='${docdir}'
includedir='${prefix}/include'
infodir='${datarootdir}/info'
install_sh='${SHELL} /Users/florian/environment/code/c/tools/basem/install-sh'
libdir='${exec_prefix}/lib'
libexecdir='${exec_prefix}/libexec'
localedir='${datarootdir}/locale'
localstatedir='${prefix}/var'
mandir='${datarootdir}/man'
mkdir_p='$(MKDIR_P)'
oldincludedir='/usr/include'
pdfdir='${docdir}'
prefix='/opt/local'
program_transform_name='s,x,x,'
psdir='${docdir}'
sbindir='${exec_prefix}/sbin'
sharedstatedir='${prefix}/com'
sysconfdir='${prefix}/etc'
target_alias=''

## ----------- ##
## confdefs.h. ##
## ----------- ##

/* confdefs.h */
#define PACKAGE_NAME "basem"
#define PACKAGE_TARNAME "basem"
#define PACKAGE_VERSION "1.0"
#define PACKAGE_STRING "basem 1.0"
#define PACKAGE_BUGREPORT "mayer.florian@web.de"
#define PACKAGE_URL ""
#define PACKAGE "basem"
#define VERSION "1.0"
#define HAVE_LIBM 1
#define STDC_HEADERS 1
#define HAVE_SYS_TYPES_H 1
#define HAVE_SYS_STAT_H 1
#define HAVE_STDLIB_H 1
#define HAVE_STRING_H 1
#define HAVE_MEMORY_H 1
#define HAVE_STRINGS_H 1
#define HAVE_INTTYPES_H 1
#define HAVE_STDINT_H 1
#define HAVE_UNISTD_H 1
#define HAVE_STDLIB_H 1
#define HAVE_STDLIB_H 1
#define HAVE_REALLOC 1
#define HAVE_STDLIB_H 1
#define HAVE_MALLOC 1
#define HAVE_POW 1

configure: exit 0

## ---------------------- ##
## Running config.status. ##
## ---------------------- ##

This file was extended by basem config.status 1.0, which was
generated by GNU Autoconf 2.69.  Invocation command line was

  CONFIG_FILES    = 
  CONFIG_HEADERS  = 
  CONFIG_LINKS    = 
  CONFIG_COMMANDS = 
  $ ./config.status 

on Florians-MacBook-Pro.local

config.status:777: creating Makefile
config.status:949: executing depfiles commands
